<?xml version="1.0" encoding="UTF-8"?>
<testng-results ignored="0" total="1" passed="1" failed="0" skipped="0">
  <reporter-output>
  </reporter-output>
  <suite started-at="2021-08-31T08:38:49Z" name="Default suite" finished-at="2021-08-31T08:39:11Z" duration-ms="21423">
    <groups>
    </groups>
    <test started-at="2021-08-31T08:38:49Z" name="Default test" finished-at="2021-08-31T08:39:11Z" duration-ms="21423">
      <class name="test.AddUserTest">
        <test-method signature="verifyadmin()[pri:0, instance:test.AddUserTest@791d1f8b]" started-at="2021-08-31T08:38:49Z" name="verifyadmin" finished-at="2021-08-31T08:39:09Z" duration-ms="19663" status="PASS">
          <reporter-output>
          </reporter-output>
        </test-method> <!-- verifyadmin -->
      </class> <!-- test.AddUserTest -->
    </test> <!-- Default test -->
  </suite> <!-- Default suite -->
</testng-results>
